2020-07-08 12:09:42,800 CRIT Supervisor is running as root.  Privileges were not dropped because no user is specified in the config file.  If you intend to run as root, you can set user=root in the config file to avoid this message.
2020-07-08 12:09:42,805 INFO RPC interface 'supervisor' initialized
2020-07-08 12:09:42,805 CRIT Server 'unix_http_server' running without any HTTP authentication checking
2020-07-08 12:09:42,807 INFO daemonizing the supervisord process
2020-07-08 12:09:42,808 INFO supervisord started with pid 437
2020-07-08 12:11:32,279 CRIT Supervisor is running as root.  Privileges were not dropped because no user is specified in the config file.  If you intend to run as root, you can set user=root in the config file to avoid this message.
2020-07-08 12:11:32,279 INFO RPC interface 'supervisor' initialized
2020-07-08 12:11:32,280 CRIT Server 'unix_http_server' running without any HTTP authentication checking
2020-07-08 12:11:32,281 INFO supervisord started with pid 437
2020-07-08 12:14:06,507 CRIT Supervisor is running as root.  Privileges were not dropped because no user is specified in the config file.  If you intend to run as root, you can set user=root in the config file to avoid this message.
2020-07-08 12:14:06,512 INFO RPC interface 'supervisor' initialized
2020-07-08 12:14:06,512 CRIT Server 'unix_http_server' running without any HTTP authentication checking
2020-07-08 12:14:06,512 INFO supervisord started with pid 437
2020-07-08 12:16:27,478 CRIT Supervisor is running as root.  Privileges were not dropped because no user is specified in the config file.  If you intend to run as root, you can set user=root in the config file to avoid this message.
2020-07-08 12:16:27,479 INFO RPC interface 'supervisor' initialized
2020-07-08 12:16:27,479 CRIT Server 'unix_http_server' running without any HTTP authentication checking
2020-07-08 12:16:27,479 INFO supervisord started with pid 437
2020-07-08 12:24:59,972 CRIT Supervisor is running as root.  Privileges were not dropped because no user is specified in the config file.  If you intend to run as root, you can set user=root in the config file to avoid this message.
2020-07-08 12:24:59,972 WARN For [program:flask], redirect_stderr=true but stderr_logfile has also been set to a filename, the filename has been ignored
2020-07-08 12:24:59,972 INFO Included extra file "/root/.supervisord/conf/flask.ini" during parsing
2020-07-08 12:24:59,976 INFO RPC interface 'supervisor' initialized
2020-07-08 12:24:59,976 CRIT Server 'unix_http_server' running without any HTTP authentication checking
2020-07-08 12:24:59,978 INFO daemonizing the supervisord process
2020-07-08 12:24:59,979 INFO supervisord started with pid 830
2020-07-08 12:25:00,981 INFO spawned: 'flask' with pid 831
2020-07-08 12:25:00,986 INFO success: flask entered RUNNING state, process has stayed up for > than 0 seconds (startsecs)
2020-07-08 12:29:38,142 INFO waiting for flask to die
2020-07-08 12:29:38,142 WARN killing 'flask' (831) with SIGKILL
2020-07-08 12:29:38,161 WARN killing 'flask' (831) with SIGKILL
2020-07-08 12:29:38,161 INFO stopped: flask (terminated by SIGKILL)
2020-07-08 12:29:38,176 CRIT Supervisor is running as root.  Privileges were not dropped because no user is specified in the config file.  If you intend to run as root, you can set user=root in the config file to avoid this message.
2020-07-08 12:29:38,176 WARN For [program:flask], redirect_stderr=true but stderr_logfile has also been set to a filename, the filename has been ignored
2020-07-08 12:29:38,176 INFO Included extra file "/root/.supervisord/conf/flask.ini" during parsing
2020-07-08 12:29:38,177 INFO RPC interface 'supervisor' initialized
2020-07-08 12:29:38,177 CRIT Server 'unix_http_server' running without any HTTP authentication checking
2020-07-08 12:29:38,177 INFO supervisord started with pid 830
2020-07-08 12:29:39,180 INFO spawned: 'flask' with pid 905
2020-07-08 12:29:39,186 INFO success: flask entered RUNNING state, process has stayed up for > than 0 seconds (startsecs)
2020-07-08 12:29:54,343 CRIT Supervisor is running as root.  Privileges were not dropped because no user is specified in the config file.  If you intend to run as root, you can set user=root in the config file to avoid this message.
2020-07-08 12:29:54,343 WARN For [program:flask], redirect_stderr=true but stderr_logfile has also been set to a filename, the filename has been ignored
2020-07-08 12:29:54,343 INFO Included extra file "/root/.supervisord/conf/flask.ini" during parsing
2020-07-08 12:30:07,024 INFO waiting for flask to stop
2020-07-08 12:30:07,024 WARN killing 'flask' (905) with SIGKILL
2020-07-08 12:30:07,024 WARN killing 'flask' (905) with SIGKILL
2020-07-08 12:30:07,024 WARN killing 'flask' (905) with SIGKILL
2020-07-08 12:30:07,024 WARN killing 'flask' (905) with SIGKILL
2020-07-08 12:30:07,024 WARN killing 'flask' (905) with SIGKILL
2020-07-08 12:30:07,024 WARN killing 'flask' (905) with SIGKILL
2020-07-08 12:30:07,024 WARN killing 'flask' (905) with SIGKILL
2020-07-08 12:30:07,025 WARN killing 'flask' (905) with SIGKILL
2020-07-08 12:30:07,025 WARN killing 'flask' (905) with SIGKILL
2020-07-08 12:30:07,025 WARN killing 'flask' (905) with SIGKILL
2020-07-08 12:30:07,025 WARN killing 'flask' (905) with SIGKILL
2020-07-08 12:30:07,025 WARN killing 'flask' (905) with SIGKILL
2020-07-08 12:30:07,025 WARN killing 'flask' (905) with SIGKILL
2020-07-08 12:30:07,025 WARN killing 'flask' (905) with SIGKILL
2020-07-08 12:30:07,025 WARN killing 'flask' (905) with SIGKILL
2020-07-08 12:30:07,025 WARN killing 'flask' (905) with SIGKILL
2020-07-08 12:30:07,025 WARN killing 'flask' (905) with SIGKILL
2020-07-08 12:30:07,026 WARN killing 'flask' (905) with SIGKILL
2020-07-08 12:30:07,026 WARN killing 'flask' (905) with SIGKILL
2020-07-08 12:30:07,026 WARN killing 'flask' (905) with SIGKILL
2020-07-08 12:30:07,026 WARN killing 'flask' (905) with SIGKILL
2020-07-08 12:30:07,026 WARN killing 'flask' (905) with SIGKILL
2020-07-08 12:30:07,026 WARN killing 'flask' (905) with SIGKILL
2020-07-08 12:30:07,026 WARN killing 'flask' (905) with SIGKILL
2020-07-08 12:30:07,026 WARN killing 'flask' (905) with SIGKILL
2020-07-08 12:30:07,026 WARN killing 'flask' (905) with SIGKILL
2020-07-08 12:30:07,026 WARN killing 'flask' (905) with SIGKILL
2020-07-08 12:30:07,026 WARN killing 'flask' (905) with SIGKILL
2020-07-08 12:30:07,026 WARN killing 'flask' (905) with SIGKILL
2020-07-08 12:30:07,027 WARN killing 'flask' (905) with SIGKILL
2020-07-08 12:30:07,027 WARN killing 'flask' (905) with SIGKILL
2020-07-08 12:30:07,027 WARN killing 'flask' (905) with SIGKILL
2020-07-08 12:30:07,027 WARN killing 'flask' (905) with SIGKILL
2020-07-08 12:30:07,027 WARN killing 'flask' (905) with SIGKILL
2020-07-08 12:30:07,027 WARN killing 'flask' (905) with SIGKILL
2020-07-08 12:30:07,027 WARN killing 'flask' (905) with SIGKILL
2020-07-08 12:30:07,071 INFO stopped: flask (terminated by SIGKILL)
2020-07-08 12:30:28,130 INFO spawned: 'flask' with pid 937
2020-07-08 12:30:28,130 INFO success: flask entered RUNNING state, process has stayed up for > than 0 seconds (startsecs)
2020-07-08 14:35:42,372 INFO waiting for flask to die
2020-07-08 14:35:42,372 WARN killing 'flask' (937) with SIGKILL
2020-07-08 14:35:42,373 INFO stopped: flask (terminated by SIGKILL)
2020-07-08 14:35:42,419 CRIT Supervisor is running as root.  Privileges were not dropped because no user is specified in the config file.  If you intend to run as root, you can set user=root in the config file to avoid this message.
2020-07-08 14:35:42,419 WARN For [program:flask], redirect_stderr=true but stderr_logfile has also been set to a filename, the filename has been ignored
2020-07-08 14:35:42,419 INFO Included extra file "/root/.supervisord/conf/flask.ini" during parsing
2020-07-08 14:35:42,427 INFO RPC interface 'supervisor' initialized
2020-07-08 14:35:42,427 CRIT Server 'unix_http_server' running without any HTTP authentication checking
2020-07-08 14:35:42,428 INFO supervisord started with pid 830
2020-07-08 14:35:43,432 INFO spawned: 'flask' with pid 1241
2020-07-08 14:35:43,438 INFO success: flask entered RUNNING state, process has stayed up for > than 0 seconds (startsecs)
2020-07-08 14:37:32,507 INFO waiting for flask to die
2020-07-08 14:37:32,507 WARN killing 'flask' (1241) with SIGKILL
2020-07-08 14:37:32,509 INFO stopped: flask (terminated by SIGKILL)
2020-07-08 14:37:32,532 CRIT Supervisor is running as root.  Privileges were not dropped because no user is specified in the config file.  If you intend to run as root, you can set user=root in the config file to avoid this message.
2020-07-08 14:37:32,532 WARN For [program:flask], redirect_stderr=true but stderr_logfile has also been set to a filename, the filename has been ignored
2020-07-08 14:37:32,532 INFO Included extra file "/root/.supervisord/conf/flask.ini" during parsing
2020-07-08 14:37:32,532 INFO RPC interface 'supervisor' initialized
2020-07-08 14:37:32,532 CRIT Server 'unix_http_server' running without any HTTP authentication checking
2020-07-08 14:37:32,533 INFO supervisord started with pid 830
2020-07-08 14:37:33,537 INFO spawned: 'flask' with pid 1312
2020-07-08 14:37:33,546 INFO success: flask entered RUNNING state, process has stayed up for > than 0 seconds (startsecs)
